2021-11-17 15:49:03 [로그 기능 구동 시험 중] info : 3000 포트에서 서버가 가동되었습니다😆
2021-11-17 15:55:03 [로그 기능 구동 시험 중] info : 3000 포트에서 서버가 가동되었습니다😆
2021-11-17 15:55:03 [로그 기능 구동 시험 중] info : 3000 포트에서 서버가 가동되었습니다😆
2021-11-17 15:55:03 [로그 기능 구동 시험 중] info : 게시글을 성공적으로 조회했습니다.
2021-11-17 16:03:03 [로그 기능 구동 시험 중] info : 3000 포트에서 서버가 가동되었습니다😆
2021-11-17 16:04:03 [로그 기능 구동 시험 중] info : 3000 포트에서 서버가 가동되었습니다😆
2021-11-17 16:06:03 [로그 기능 구동 시험 중] info : 3000 포트에서 서버가 가동되었습니다😆
2021-11-17 16:06:03 [로그 기능 구동 시험 중] info : 3000 포트에서 서버가 가동되었습니다😆
2021-11-17 16:06:03 [로그 기능 구동 시험 중] info : 게시글을 성공적으로 조회했습니다.
2021-11-17 16:09:03 [로그 기능 구동 시험 중] info : 3000 포트에서 서버가 가동되었습니다😆
2021-11-17 16:25:03 [로그 기능 구동 시험 중] info : 3000 포트에서 서버가 가동되었습니다😆
2021-11-17 16:25:03 [로그 기능 구동 시험 중] info : 3000 포트에서 서버가 가동되었습니다😆
2021-11-17 16:26:03 [로그 기능 구동 시험 중] info : 3000 포트에서 서버가 가동되었습니다😆
2021-11-17 16:27:03 [로그 기능 구동 시험 중] info : 3000 포트에서 서버가 가동되었습니다😆
2021-11-17 16:28:03 [로그 기능 구동 시험 중] info : 3000 포트에서 서버가 가동되었습니다😆
2021-11-17 16:30:03 [로그 기능 구동 시험 중] info : 3000 포트에서 서버가 가동되었습니다😆
2021-11-17 16:31:03 [로그 기능 구동 시험 중] info : 3000 포트에서 서버가 가동되었습니다😆
2021-11-17 17:22:03 [로그 기능 구동 시험 중] info : 3000 포트에서 서버가 가동되었습니다😆
2021-11-17 17:26:03 [로그 기능 구동 시험 중] info : 3000 포트에서 서버가 가동되었습니다😆
2021-11-17 17:43:03 [로그 기능 구동 시험 중] info : 3000 포트에서 서버가 가동되었습니다😆
2021-11-17 17:45:03 [로그 기능 구동 시험 중] info : 3000 포트에서 서버가 가동되었습니다😆
2021-11-17 17:51:03 [로그 기능 구동 시험 중] info : 3000 포트에서 서버가 가동되었습니다😆
2021-11-17 17:51:03 [로그 기능 구동 시험 중] info : 3000 포트에서 서버가 가동되었습니다😆
2021-11-17 18:01:03 [로그 기능 구동 시험 중] info : 3000 포트에서 서버가 가동되었습니다😆
2021-11-17 18:01:03 [로그 기능 구동 시험 중] info : 3000 포트에서 서버가 가동되었습니다😆
2021-11-17 18:03:03 [로그 기능 구동 시험 중] info : hello
2021-11-17 18:03:03 [로그 기능 구동 시험 중] error : GET / 라우터가 없습니다
2021-11-17 18:03:03 [로그 기능 구동 시험 중] info : hello
2021-11-17 18:03:03 [로그 기능 구동 시험 중] error : GET /favicon.ico 라우터가 없습니다
2021-11-17 18:04:03 [로그 기능 구동 시험 중] info : hello
2021-11-17 18:04:03 [로그 기능 구동 시험 중] error : GET / 라우터가 없습니다
2021-11-17 18:21:03 [로그 기능 구동 시험 중] info : 3000 포트에서 서버가 가동되었습니다😆
2021-11-17 18:29:03 [로그 기능 구동 시험 중] info : 3000 포트에서 서버가 가동되었습니다😆
2021-11-17 18:36:03 [로그 기능 구동 시험 중] info : 3000 포트에서 서버가 가동되었습니다😆
2021-11-17 20:56:03 [로그 기능 구동 시험 중] info : 3000 포트에서 서버가 가동되었습니다😆
2021-11-17 21:02:03 [로그 기능 구동 시험 중] info : 3000 포트에서 서버가 가동되었습니다😆
2021-11-17 21:30:03 [로그 기능 구동 시험 중] info : 3000 포트에서 서버가 가동되었습니다😆
2021-11-17 21:34:03 [로그 기능 구동 시험 중] info : 3000 포트에서 서버가 가동되었습니다😆
2021-11-17 21:41:03 [로그 기능 구동 시험 중] info : 3000 포트에서 서버가 가동되었습니다😆
2021-11-17 21:41:03 [로그 기능 구동 시험 중] info : 3000 포트에서 서버가 가동되었습니다😆
2021-11-18 01:26:04 [로그 기능 구동 시험 중] info : 3000 포트에서 서버가 가동되었습니다😆
2021-11-18 01:26:04 [로그 기능 구동 시험 중] info : 3000 포트에서 서버가 가동되었습니다😆
2021-11-18 01:43:04 [로그 기능 구동 시험 중] info : 3000 포트에서 서버가 가동되었습니다😆
2021-11-18 01:43:04 [로그 기능 구동 시험 중] info : 3000 포트에서 서버가 가동되었습니다😆
2021-11-18 01:52:04 [로그 기능 구동 시험 중] info : 3000 포트에서 서버가 가동되었습니다😆
2021-11-18 01:58:04 [로그 기능 구동 시험 중] info : 3000 포트에서 서버가 가동되었습니다😆
2021-11-18 01:58:04 [로그 기능 구동 시험 중] info : 3000 포트에서 서버가 가동되었습니다😆
2021-11-18 01:59:04 [로그 기능 구동 시험 중] info : 3000 포트에서 서버가 가동되었습니다😆
2021-11-18 02:05:04 [로그 기능 구동 시험 중] info : 3000 포트에서 서버가 가동되었습니다😆
2021-11-18 02:05:04 [로그 기능 구동 시험 중] info : 3000 포트에서 서버가 가동되었습니다😆
2021-11-18 02:36:04 [로그 기능 구동 시험 중] info : 3000 포트에서 서버가 가동되었습니다😆
2021-11-18 02:37:04 [로그 기능 구동 시험 중] info : 3000 포트에서 서버가 가동되었습니다😆
2021-11-18 02:38:04 [로그 기능 구동 시험 중] info : 3000 포트에서 서버가 가동되었습니다😆
2021-11-18 02:38:04 [로그 기능 구동 시험 중] info : 3000 포트에서 서버가 가동되었습니다😆
2021-11-18 02:38:04 [로그 기능 구동 시험 중] info : 3000 포트에서 서버가 가동되었습니다😆
2021-11-18 02:40:04 [로그 기능 구동 시험 중] info : 3000 포트에서 서버가 가동되었습니다😆
2021-11-18 02:45:04 [로그 기능 구동 시험 중] info : 3000 포트에서 서버가 가동되었습니다😆
2021-11-18 02:47:04 [로그 기능 구동 시험 중] info : 3000 포트에서 서버가 가동되었습니다😆
2021-11-18 02:49:04 [로그 기능 구동 시험 중] info : 3000 포트에서 서버가 가동되었습니다😆
2021-11-18 02:50:04 [로그 기능 구동 시험 중] info : 3000 포트에서 서버가 가동되었습니다😆
2021-11-18 02:51:04 [로그 기능 구동 시험 중] info : hello
2021-11-18 02:51:04 [로그 기능 구동 시험 중] error : POST /chat/1/1 라우터가 없습니다
2021-11-18 02:51:04 [로그 기능 구동 시험 중] info : 3000 포트에서 서버가 가동되었습니다😆
2021-11-18 02:51:04 [로그 기능 구동 시험 중] info : 3000 포트에서 서버가 가동되었습니다😆
2021-11-18 02:53:04 [로그 기능 구동 시험 중] info : 3000 포트에서 서버가 가동되었습니다😆
2021-11-18 02:53:04 [로그 기능 구동 시험 중] info : 3000 포트에서 서버가 가동되었습니다😆
2021-11-18 02:55:04 [로그 기능 구동 시험 중] info : 3000 포트에서 서버가 가동되었습니다😆
2021-11-18 02:55:04 [로그 기능 구동 시험 중] info : 3000 포트에서 서버가 가동되었습니다😆
2021-11-18 03:05:04 [로그 기능 구동 시험 중] info : 3000 포트에서 서버가 가동되었습니다😆
2021-11-18 03:05:04 [로그 기능 구동 시험 중] info : 3000 포트에서 서버가 가동되었습니다😆
2021-11-18 11:01:04 [로그 기능 구동 시험 중] info : 3000 포트에서 서버가 가동되었습니다😆
2021-11-18 11:12:04 [로그 기능 구동 시험 중] info : 3000 포트에서 서버가 가동되었습니다😆
2021-11-18 11:12:04 [로그 기능 구동 시험 중] info : 3000 포트에서 서버가 가동되었습니다😆
2021-11-18 11:15:04 [로그 기능 구동 시험 중] info : 3000 포트에서 서버가 가동되었습니다😆
2021-11-18 11:15:04 [로그 기능 구동 시험 중] info : 3000 포트에서 서버가 가동되었습니다😆
2021-11-18 12:03:04 [로그 기능 구동 시험 중] info : 3000 포트에서 서버가 가동되었습니다😆
2021-11-18 12:03:04 [로그 기능 구동 시험 중] info : 3000 포트에서 서버가 가동되었습니다😆
2021-11-18 12:04:04 [로그 기능 구동 시험 중] info : 3000 포트에서 서버가 가동되었습니다😆
2021-11-18 12:04:04 [로그 기능 구동 시험 중] info : 3000 포트에서 서버가 가동되었습니다😆
2021-11-18 14:01:04 [로그 기능 구동 시험 중] info : 3000 포트에서 서버가 가동되었습니다😆
2021-11-18 14:10:04 [로그 기능 구동 시험 중] info : 3000 포트에서 서버가 가동되었습니다😆
2021-11-18 14:12:04 [로그 기능 구동 시험 중] info : 3000 포트에서 서버가 가동되었습니다😆
2021-11-18 14:12:04 [로그 기능 구동 시험 중] info : 3000 포트에서 서버가 가동되었습니다😆
2021-11-18 14:12:04 [로그 기능 구동 시험 중] info : 3000 포트에서 서버가 가동되었습니다😆
2021-11-18 14:13:04 [로그 기능 구동 시험 중] info : 3000 포트에서 서버가 가동되었습니다😆
2021-11-18 14:14:04 [로그 기능 구동 시험 중] info : 3000 포트에서 서버가 가동되었습니다😆
2021-11-18 14:15:04 [로그 기능 구동 시험 중] info : 3000 포트에서 서버가 가동되었습니다😆
2021-11-18 14:15:04 [로그 기능 구동 시험 중] info : 3000 포트에서 서버가 가동되었습니다😆
2021-11-18 14:15:04 [로그 기능 구동 시험 중] info : 3000 포트에서 서버가 가동되었습니다😆
2021-11-18 14:31:04 [로그 기능 구동 시험 중] info : 3000 포트에서 서버가 가동되었습니다😆
2021-11-18 14:32:04 [로그 기능 구동 시험 중] info : 3000 포트에서 서버가 가동되었습니다😆
2021-11-18 14:32:04 [로그 기능 구동 시험 중] info : 3000 포트에서 서버가 가동되었습니다😆
2021-11-18 14:34:04 [로그 기능 구동 시험 중] info : 3000 포트에서 서버가 가동되었습니다😆
2021-11-18 14:34:04 [로그 기능 구동 시험 중] info : 3000 포트에서 서버가 가동되었습니다😆
2021-11-18 14:35:04 [로그 기능 구동 시험 중] info : 3000 포트에서 서버가 가동되었습니다😆
2021-11-18 14:35:04 [로그 기능 구동 시험 중] info : 3000 포트에서 서버가 가동되었습니다😆
2021-11-18 14:38:04 [로그 기능 구동 시험 중] info : 3000 포트에서 서버가 가동되었습니다😆
2021-11-18 14:38:04 [로그 기능 구동 시험 중] info : 3000 포트에서 서버가 가동되었습니다😆
2021-11-18 14:38:04 [로그 기능 구동 시험 중] info : 3000 포트에서 서버가 가동되었습니다😆
2021-11-18 14:38:04 [로그 기능 구동 시험 중] info : 3000 포트에서 서버가 가동되었습니다😆
2021-11-18 14:38:04 [로그 기능 구동 시험 중] info : 3000 포트에서 서버가 가동되었습니다😆
2021-11-18 14:39:04 [로그 기능 구동 시험 중] info : 3000 포트에서 서버가 가동되었습니다😆
2021-11-18 14:39:04 [로그 기능 구동 시험 중] info : hello
2021-11-18 14:39:04 [로그 기능 구동 시험 중] error : POST /chat/delete/16 라우터가 없습니다
2021-11-18 14:47:04 [로그 기능 구동 시험 중] info : 3000 포트에서 서버가 가동되었습니다😆
2021-11-18 14:53:04 [로그 기능 구동 시험 중] info : 3000 포트에서 서버가 가동되었습니다😆
2021-11-18 14:54:04 [로그 기능 구동 시험 중] info : hello
2021-11-18 14:54:04 [로그 기능 구동 시험 중] error : POST /chat1/delete/3/2 라우터가 없습니다
2021-11-18 14:55:04 [로그 기능 구동 시험 중] info : 3000 포트에서 서버가 가동되었습니다😆
2021-11-18 14:55:04 [로그 기능 구동 시험 중] info : 3000 포트에서 서버가 가동되었습니다😆
2021-11-18 14:55:04 [로그 기능 구동 시험 중] info : 3000 포트에서 서버가 가동되었습니다😆
2021-11-18 14:56:04 [로그 기능 구동 시험 중] info : 3000 포트에서 서버가 가동되었습니다😆
2021-11-18 14:58:04 [로그 기능 구동 시험 중] info : 3000 포트에서 서버가 가동되었습니다😆
2021-11-18 14:59:04 [로그 기능 구동 시험 중] info : 3000 포트에서 서버가 가동되었습니다😆
2021-11-18 14:59:04 [로그 기능 구동 시험 중] info : 3000 포트에서 서버가 가동되었습니다😆
2021-11-18 15:00:04 [로그 기능 구동 시험 중] info : 3000 포트에서 서버가 가동되었습니다😆
2021-11-18 15:01:04 [로그 기능 구동 시험 중] info : 3000 포트에서 서버가 가동되었습니다😆
2021-11-18 15:02:04 [로그 기능 구동 시험 중] info : 3000 포트에서 서버가 가동되었습니다😆
2021-11-18 15:03:04 [로그 기능 구동 시험 중] info : hello
2021-11-18 15:03:04 [로그 기능 구동 시험 중] error : POST /chat1/outbox 라우터가 없습니다
2021-11-18 15:03:04 [로그 기능 구동 시험 중] info : 3000 포트에서 서버가 가동되었습니다😆
2021-11-18 15:03:04 [로그 기능 구동 시험 중] info : 3000 포트에서 서버가 가동되었습니다😆
2021-11-18 15:05:04 [로그 기능 구동 시험 중] info : 3000 포트에서 서버가 가동되었습니다😆
2021-11-18 15:05:04 [로그 기능 구동 시험 중] info : 3000 포트에서 서버가 가동되었습니다😆
2021-11-18 15:07:04 [로그 기능 구동 시험 중] info : 3000 포트에서 서버가 가동되었습니다😆
2021-11-18 15:08:04 [로그 기능 구동 시험 중] info : 3000 포트에서 서버가 가동되었습니다😆
2021-11-18 15:08:04 [로그 기능 구동 시험 중] info : 3000 포트에서 서버가 가동되었습니다😆
2021-11-18 15:09:04 [로그 기능 구동 시험 중] info : 3000 포트에서 서버가 가동되었습니다😆
2021-11-18 15:09:04 [로그 기능 구동 시험 중] info : 3000 포트에서 서버가 가동되었습니다😆
2021-11-18 15:10:04 [로그 기능 구동 시험 중] info : 3000 포트에서 서버가 가동되었습니다😆
2021-11-18 15:15:04 [로그 기능 구동 시험 중] info : 3000 포트에서 서버가 가동되었습니다😆
2021-11-18 15:15:04 [로그 기능 구동 시험 중] info : 3000 포트에서 서버가 가동되었습니다😆
2021-11-18 15:16:04 [로그 기능 구동 시험 중] info : 3000 포트에서 서버가 가동되었습니다😆
2021-11-18 15:17:04 [로그 기능 구동 시험 중] info : 3000 포트에서 서버가 가동되었습니다😆
2021-11-18 15:19:04 [로그 기능 구동 시험 중] info : 3000 포트에서 서버가 가동되었습니다😆
2021-11-18 16:04:04 [로그 기능 구동 시험 중] info : 3000 포트에서 서버가 가동되었습니다😆
2021-11-18 16:04:04 [로그 기능 구동 시험 중] info : 3000 포트에서 서버가 가동되었습니다😆
2021-11-18 17:04:04 [로그 기능 구동 시험 중] info : 3000 포트에서 서버가 가동되었습니다😆
2021-11-18 17:11:04 [로그 기능 구동 시험 중] info : 3000 포트에서 서버가 가동되었습니다😆
2021-11-18 17:17:04 [로그 기능 구동 시험 중] info : 3000 포트에서 서버가 가동되었습니다😆
2021-11-18 17:21:04 [로그 기능 구동 시험 중] info : hello
2021-11-18 17:21:04 [로그 기능 구동 시험 중] error : POST /chat/ 라우터가 없습니다
2021-11-18 17:21:04 [로그 기능 구동 시험 중] info : hello
2021-11-18 17:21:04 [로그 기능 구동 시험 중] error : POST /chat1/ 라우터가 없습니다
2021-11-18 17:21:04 [로그 기능 구동 시험 중] info : hello
2021-11-18 17:21:04 [로그 기능 구동 시험 중] error : POST /chat1 라우터가 없습니다
2021-11-18 17:24:04 [로그 기능 구동 시험 중] info : 3000 포트에서 서버가 가동되었습니다😆
2021-11-18 17:24:04 [로그 기능 구동 시험 중] info : 3000 포트에서 서버가 가동되었습니다😆
2021-11-18 17:25:04 [로그 기능 구동 시험 중] info : 3000 포트에서 서버가 가동되었습니다😆
2021-11-18 17:28:04 [로그 기능 구동 시험 중] info : 3000 포트에서 서버가 가동되었습니다😆
2021-11-18 17:28:04 [로그 기능 구동 시험 중] info : 3000 포트에서 서버가 가동되었습니다😆
2021-11-18 17:30:04 [로그 기능 구동 시험 중] info : 3000 포트에서 서버가 가동되었습니다😆
2021-11-18 17:31:04 [로그 기능 구동 시험 중] info : 3000 포트에서 서버가 가동되었습니다😆
2021-11-18 17:31:04 [로그 기능 구동 시험 중] info : hello
2021-11-18 17:31:04 [로그 기능 구동 시험 중] error : POST /chat1 라우터가 없습니다
2021-11-18 17:35:04 [로그 기능 구동 시험 중] info : 3000 포트에서 서버가 가동되었습니다😆
2021-11-18 17:37:04 [로그 기능 구동 시험 중] info : 3000 포트에서 서버가 가동되었습니다😆
2021-11-18 17:37:04 [로그 기능 구동 시험 중] info : 3000 포트에서 서버가 가동되었습니다😆
2021-11-18 17:37:04 [로그 기능 구동 시험 중] info : 3000 포트에서 서버가 가동되었습니다😆
2021-11-18 17:37:04 [로그 기능 구동 시험 중] info : 3000 포트에서 서버가 가동되었습니다😆
2021-11-18 17:37:04 [로그 기능 구동 시험 중] info : 3000 포트에서 서버가 가동되었습니다😆
2021-11-18 19:50:04 [로그 기능 구동 시험 중] info : 3000 포트에서 서버가 가동되었습니다😆
2021-11-18 19:50:04 [로그 기능 구동 시험 중] info : 3000 포트에서 서버가 가동되었습니다😆
2021-11-18 19:50:04 [로그 기능 구동 시험 중] info : 3000 포트에서 서버가 가동되었습니다😆
2021-11-18 19:51:04 [로그 기능 구동 시험 중] info : 3000 포트에서 서버가 가동되었습니다😆
2021-11-18 19:51:04 [로그 기능 구동 시험 중] info : 3000 포트에서 서버가 가동되었습니다😆
2021-11-18 19:51:04 [로그 기능 구동 시험 중] info : 3000 포트에서 서버가 가동되었습니다😆
2021-11-18 19:51:04 [로그 기능 구동 시험 중] info : 3000 포트에서 서버가 가동되었습니다😆
2021-11-18 19:55:04 [로그 기능 구동 시험 중] info : 3000 포트에서 서버가 가동되었습니다😆
2021-11-18 19:55:04 [로그 기능 구동 시험 중] info : 3000 포트에서 서버가 가동되었습니다😆
2021-11-18 19:55:04 [로그 기능 구동 시험 중] info : 3000 포트에서 서버가 가동되었습니다😆
2021-11-18 19:57:04 [로그 기능 구동 시험 중] info : 3000 포트에서 서버가 가동되었습니다😆
2021-11-18 19:57:04 [로그 기능 구동 시험 중] info : 3000 포트에서 서버가 가동되었습니다😆
2021-11-18 19:59:04 [로그 기능 구동 시험 중] info : 3000 포트에서 서버가 가동되었습니다😆
2021-11-18 19:59:04 [로그 기능 구동 시험 중] info : 3000 포트에서 서버가 가동되었습니다😆
2021-11-18 20:00:04 [로그 기능 구동 시험 중] info : 3000 포트에서 서버가 가동되었습니다😆
2021-11-18 20:01:04 [로그 기능 구동 시험 중] info : 3000 포트에서 서버가 가동되었습니다😆
2021-11-18 20:01:04 [로그 기능 구동 시험 중] info : 3000 포트에서 서버가 가동되었습니다😆
2021-11-18 20:01:04 [로그 기능 구동 시험 중] info : 3000 포트에서 서버가 가동되었습니다😆
2021-11-18 20:01:04 [로그 기능 구동 시험 중] info : 3000 포트에서 서버가 가동되었습니다😆
2021-11-18 20:01:04 [로그 기능 구동 시험 중] info : 3000 포트에서 서버가 가동되었습니다😆
2021-11-18 20:02:04 [로그 기능 구동 시험 중] info : 3000 포트에서 서버가 가동되었습니다😆
2021-11-18 20:04:04 [로그 기능 구동 시험 중] info : 3000 포트에서 서버가 가동되었습니다😆
2021-11-18 20:04:04 [로그 기능 구동 시험 중] info : 3000 포트에서 서버가 가동되었습니다😆
2021-11-18 20:04:04 [로그 기능 구동 시험 중] info : 3000 포트에서 서버가 가동되었습니다😆
2021-11-18 20:05:04 [로그 기능 구동 시험 중] info : 3000 포트에서 서버가 가동되었습니다😆
2021-11-18 20:05:04 [로그 기능 구동 시험 중] info : 3000 포트에서 서버가 가동되었습니다😆
2021-11-18 20:05:04 [로그 기능 구동 시험 중] info : 3000 포트에서 서버가 가동되었습니다😆
2021-11-18 20:06:04 [로그 기능 구동 시험 중] info : 3000 포트에서 서버가 가동되었습니다😆
2021-11-18 20:06:04 [로그 기능 구동 시험 중] info : 3000 포트에서 서버가 가동되었습니다😆
2021-11-18 20:06:04 [로그 기능 구동 시험 중] info : 3000 포트에서 서버가 가동되었습니다😆
2021-11-18 20:07:04 [로그 기능 구동 시험 중] info : 3000 포트에서 서버가 가동되었습니다😆
2021-11-18 20:08:04 [로그 기능 구동 시험 중] info : 3000 포트에서 서버가 가동되었습니다😆
2021-11-18 20:08:04 [로그 기능 구동 시험 중] info : 3000 포트에서 서버가 가동되었습니다😆
2021-11-18 22:12:04 [로그 기능 구동 시험 중] info : 3000 포트에서 서버가 가동되었습니다😆
2021-11-18 22:13:04 [로그 기능 구동 시험 중] info : 3000 포트에서 서버가 가동되었습니다😆
2021-11-18 22:17:04 [로그 기능 구동 시험 중] info : 3000 포트에서 서버가 가동되었습니다😆
2021-11-18 22:17:04 [로그 기능 구동 시험 중] info : 3000 포트에서 서버가 가동되었습니다😆
2021-11-18 22:18:04 [로그 기능 구동 시험 중] info : 3000 포트에서 서버가 가동되었습니다😆
2021-11-18 22:18:04 [로그 기능 구동 시험 중] info : 3000 포트에서 서버가 가동되었습니다😆
2021-11-18 22:19:04 [로그 기능 구동 시험 중] info : 3000 포트에서 서버가 가동되었습니다😆
2021-11-18 22:19:04 [로그 기능 구동 시험 중] info : 3000 포트에서 서버가 가동되었습니다😆
2021-11-18 22:20:04 [로그 기능 구동 시험 중] info : 3000 포트에서 서버가 가동되었습니다😆
2021-11-18 22:20:04 [로그 기능 구동 시험 중] info : 3000 포트에서 서버가 가동되었습니다😆
2021-11-18 22:20:04 [로그 기능 구동 시험 중] info : 3000 포트에서 서버가 가동되었습니다😆
2021-11-18 22:21:04 [로그 기능 구동 시험 중] info : 3000 포트에서 서버가 가동되었습니다😆
